# JRE version: Java(TM) SE Runtime Environment (8.0_111-b14) (build 1.8.0_111-b14)
# Java VM: Java HotSpot(TM) 64-Bit Server VM (25.111-b14 mixed mode windows-amd64 compressed oops)
Heap:
 PSYoungGen      total 465920K, used 135433K [0x00000000d5580000, 0x0000000100000000, 0x0000000100000000)
  eden space 232960K, 29% used [0x00000000d5580000,0x00000000d98987b0,0x00000000e3900000)
  from space 232960K, 28% used [0x00000000e3900000,0x00000000e7a29cb8,0x00000000f1c80000)
  to   space 232960K, 0% used [0x00000000f1c80000,0x00000000f1c80000,0x0000000100000000)
 ParOldGen       total 847360K, used 523058K [0x0000000080000000, 0x00000000b3b80000, 0x00000000d5580000)
  object space 847360K, 61% used [0x0000000080000000,0x000000009feccab8,0x00000000b3b80000)
 Metaspace       used 55630K, capacity 57070K, committed 57216K, reserved 1099776K
  class space    used 7461K, capacity 7801K, committed 7808K, reserved 1048576K
GC Heap History (10 events):
Event: 28.492 GC heap before
{Heap before GC invocations=31 (full 5):
 PSYoungGen      total 459264K, used 365157K [0x00000000d5580000, 0x0000000100000000, 0x0000000100000000)
  eden space 237568K, 100% used [0x00000000d5580000,0x00000000e3d80000,0x00000000e3d80000)
  from space 221696K, 57% used [0x00000000e3d80000,0x00000000eba19560,0x00000000f1600000)
  to   space 225280K, 0% used [0x00000000f2400000,0x00000000f2400000,0x0000000100000000)
 ParOldGen       total 684544K, used 489831K [0x0000000080000000, 0x00000000a9c80000, 0x00000000d5580000)
  object space 684544K, 71% used [0x0000000080000000,0x000000009de59e68,0x00000000a9c80000)
 Metaspace       used 55630K, capacity 57070K, committed 57216K, reserved 1099776K
  class space    used 7461K, capacity 7801K, committed 7808K, reserved 1048576K
Event: 28.615 GC heap after
Heap after GC invocations=31 (full 5):
 PSYoungGen      total 458240K, used 225275K [0x00000000d5580000, 0x0000000100000000, 0x0000000100000000)
  eden space 232960K, 0% used [0x00000000d5580000,0x00000000d5580000,0x00000000e3900000)
  from space 225280K, 99% used [0x00000000f2400000,0x00000000ffffefd0,0x0000000100000000)
  to   space 232960K, 0% used [0x00000000e3900000,0x00000000e3900000,0x00000000f1c80000)
 ParOldGen       total 684544K, used 509524K [0x0000000080000000, 0x00000000a9c80000, 0x00000000d5580000)
  object space 684544K, 74% used [0x0000000080000000,0x000000009f195050,0x00000000a9c80000)
 Metaspace       used 55630K, capacity 57070K, committed 57216K, reserved 1099776K
  class space    used 7461K, capacity 7801K, committed 7808K, reserved 1048576K
}
Event: 29.039 GC heap before
{Heap before GC invocations=32 (full 5):
 PSYoungGen      total 458240K, used 458235K [0x00000000d5580000, 0x0000000100000000, 0x0000000100000000)
  eden space 232960K, 100% used [0x00000000d5580000,0x00000000e3900000,0x00000000e3900000)
  from space 225280K, 99% used [0x00000000f2400000,0x00000000ffffefd0,0x0000000100000000)
  to   space 232960K, 0% used [0x00000000e3900000,0x00000000e3900000,0x00000000f1c80000)
 ParOldGen       total 684544K, used 509524K [0x0000000080000000, 0x00000000a9c80000, 0x00000000d5580000)
  object space 684544K, 74% used [0x0000000080000000,0x000000009f195050,0x00000000a9c80000)
 Metaspace       used 55630K, capacity 57070K, committed 57216K, reserved 1099776K
  class space    used 7461K, capacity 7801K, committed 7808K, reserved 1048576K
Event: 29.184 GC heap after
Heap after GC invocations=32 (full 5):
 PSYoungGen      total 465920K, used 163227K [0x00000000d5580000, 0x0000000100000000, 0x0000000100000000)
  eden space 232960K, 0% used [0x00000000d5580000,0x00000000d5580000,0x00000000e3900000)
  from space 232960K, 70% used [0x00000000e3900000,0x00000000ed866cd8,0x00000000f1c80000)
  to   space 232960K, 0% used [0x00000000f1c80000,0x00000000f1c80000,0x0000000100000000)
 ParOldGen       total 684544K, used 571695K [0x0000000080000000, 0x00000000a9c80000, 0x00000000d5580000)
  object space 684544K, 83% used [0x0000000080000000,0x00000000a2e4bde0,0x00000000a9c80000)
 Metaspace       used 55630K, capacity 57070K, committed 57216K, reserved 1099776K
  class space    used 7461K, capacity 7801K, committed 7808K, reserved 1048576K
}
Event: 30.249 GC heap before
{Heap before GC invocations=33 (full 5):
 PSYoungGen      total 465920K, used 396187K [0x00000000d5580000, 0x0000000100000000, 0x0000000100000000)
  eden space 232960K, 100% used [0x00000000d5580000,0x00000000e3900000,0x00000000e3900000)
  from space 232960K, 70% used [0x00000000e3900000,0x00000000ed866cd8,0x00000000f1c80000)
  to   space 232960K, 0% used [0x00000000f1c80000,0x00000000f1c80000,0x0000000100000000)
 ParOldGen       total 684544K, used 571695K [0x0000000080000000, 0x00000000a9c80000, 0x00000000d5580000)
  object space 684544K, 83% used [0x0000000080000000,0x00000000a2e4bde0,0x00000000a9c80000)
 Metaspace       used 55630K, capacity 57070K, committed 57216K, reserved 1099776K
  class space    used 7461K, capacity 7801K, committed 7808K, reserved 1048576K
Event: 30.384 GC heap after
Heap after GC invocations=33 (full 5):
 PSYoungGen      total 465920K, used 164118K [0x00000000d5580000, 0x0000000100000000, 0x0000000100000000)
  eden space 232960K, 0% used [0x00000000d5580000,0x00000000d5580000,0x00000000e3900000)
  from space 232960K, 70% used [0x00000000f1c80000,0x00000000fbcc58d0,0x0000000100000000)
  to   space 232960K, 0% used [0x00000000e3900000,0x00000000e3900000,0x00000000f1c80000)
 ParOldGen       total 684544K, used 650061K [0x0000000080000000, 0x00000000a9c80000, 0x00000000d5580000)
  object space 684544K, 94% used [0x0000000080000000,0x00000000a7ad3568,0x00000000a9c80000)
 Metaspace       used 55630K, capacity 57070K, committed 57216K, reserved 1099776K
  class space    used 7461K, capacity 7801K, committed 7808K, reserved 1048576K
}
Event: 30.384 GC heap before
{Heap before GC invocations=34 (full 6):
 PSYoungGen      total 465920K, used 164118K [0x00000000d5580000, 0x0000000100000000, 0x0000000100000000)
  eden space 232960K, 0% used [0x00000000d5580000,0x00000000d5580000,0x00000000e3900000)
  from space 232960K, 70% used [0x00000000f1c80000,0x00000000fbcc58d0,0x0000000100000000)
  to   space 232960K, 0% used [0x00000000e3900000,0x00000000e3900000,0x00000000f1c80000)
 ParOldGen       total 684544K, used 650061K [0x0000000080000000, 0x00000000a9c80000, 0x00000000d5580000)
  object space 684544K, 94% used [0x0000000080000000,0x00000000a7ad3568,0x00000000a9c80000)
 Metaspace       used 55630K, capacity 57070K, committed 57216K, reserved 1099776K
  class space    used 7461K, capacity 7801K, committed 7808K, reserved 1048576K
Event: 31.887 GC heap after
Heap after GC invocations=34 (full 6):
 PSYoungGen      total 465920K, used 0K [0x00000000d5580000, 0x0000000100000000, 0x0000000100000000)
  eden space 232960K, 0% used [0x00000000d5580000,0x00000000d5580000,0x00000000e3900000)
  from space 232960K, 0% used [0x00000000f1c80000,0x00000000f1c80000,0x0000000100000000)
  to   space 232960K, 0% used [0x00000000e3900000,0x00000000e3900000,0x00000000f1c80000)
 ParOldGen       total 847360K, used 523058K [0x0000000080000000, 0x00000000b3b80000, 0x00000000d5580000)
  object space 847360K, 61% used [0x0000000080000000,0x000000009feccab8,0x00000000b3b80000)
 Metaspace       used 55630K, capacity 57070K, committed 57216K, reserved 1099776K
  class space    used 7461K, capacity 7801K, committed 7808K, reserved 1048576K
}
Event: 32.061 GC heap before
{Heap before GC invocations=35 (full 6):
 PSYoungGen      total 465920K, used 232960K [0x00000000d5580000, 0x0000000100000000, 0x0000000100000000)
  eden space 232960K, 100% used [0x00000000d5580000,0x00000000e3900000,0x00000000e3900000)
  from space 232960K, 0% used [0x00000000f1c80000,0x00000000f1c80000,0x0000000100000000)
  to   space 232960K, 0% used [0x00000000e3900000,0x00000000e3900000,0x00000000f1c80000)
 ParOldGen       total 847360K, used 523058K [0x0000000080000000, 0x00000000b3b80000, 0x00000000d5580000)
  object space 847360K, 61% used [0x0000000080000000,0x000000009feccab8,0x00000000b3b80000)
 Metaspace       used 55630K, capacity 57070K, committed 57216K, reserved 1099776K
  class space    used 7461K, capacity 7801K, committed 7808K, reserved 1048576K
Event: 32.097 GC heap after
Heap after GC invocations=35 (full 6):
 PSYoungGen      total 465920K, used 66727K [0x00000000d5580000, 0x0000000100000000, 0x0000000100000000)
  eden space 232960K, 0% used [0x00000000d5580000,0x00000000d5580000,0x00000000e3900000)
  from space 232960K, 28% used [0x00000000e3900000,0x00000000e7a29cb8,0x00000000f1c80000)
  to   space 232960K, 0% used [0x00000000f1c80000,0x00000000f1c80000,0x0000000100000000)
 ParOldGen       total 847360K, used 523058K [0x0000000080000000, 0x00000000b3b80000, 0x00000000d5580000)
  object space 847360K, 61% used [0x0000000080000000,0x000000009feccab8,0x00000000b3b80000)
 Metaspace       used 55630K, capacity 57070K, committed 57216K, reserved 1099776K
  class space    used 7461K, capacity 7801K, committed 7808K, reserved 1048576K
}

